
------------------------------------------------------------
Sender: LSF System <lsfadmin@hpc.dtu.dk>
Subject: Job 28094095: <Task2> in cluster <dcc> Exited

Job <Task2> was submitted from host <n-62-27-17> by user <s224353> in cluster <dcc> at Tue Mar 24 10:08:21 2026
Job was executed on host(s) <n-62-11-65>, in queue <hpc>, as user <s224353> in cluster <dcc> at Tue Mar 24 10:08:22 2026
</zhome/5f/c/186820> was used as the home directory.
</zhome/5f/c/186820/Desktop/02613hpc/02613_PythonHPC_project/Submitscripts> was used as the working directory.
Started at Tue Mar 24 10:08:22 2026
Terminated at Tue Mar 24 10:08:24 2026
Results reported at Tue Mar 24 10:08:24 2026

Your job looked like:

------------------------------------------------------------
# LSBATCH: User input
#!/bin/bash

#BSUB -J Task2
#BSUB -q hpc
#BSUB -W 120
#BSUB -R "rusage[mem=10GB]"
#BSUB -R "select[model==XeonGold6226R]"
#BSUB -n 1
#BSUB -R "span[hosts=1]"
#BSUB -o Task2_%J.out
#BSUB -e Task2_%J.err

# Initialize Python environment
source /dtu/projects/02613_2025/conda/conda_init.sh
conda activate 02613

time python Original_python_script.py 10
time python Original_python_script.py 12
time python Original_python_script.py 14
time python Original_python_script.py 16
time python Original_python_script.py 18
time python Original_python_script.py 20


------------------------------------------------------------

Exited with exit code 2.

Resource usage summary:

    CPU time :                                   1.16 sec.
    Max Memory :                                 -
    Average Memory :                             -
    Total Requested Memory :                     10240.00 MB
    Delta Memory :                               -
    Max Swap :                                   -
    Max Processes :                              -
    Max Threads :                                -
    Run time :                                   2 sec.
    Turnaround time :                            3 sec.

The output (if any) is above this job summary.



PS:

Read file <Task2_28094095.err> for stderr output of this job.

