import: unable to open X server `' @ error/import.c/ImportImageCommand/346.
import: unable to open X server `' @ error/import.c/ImportImageCommand/346.
import: unable to open X server `' @ error/import.c/ImportImageCommand/346.
import: unable to open X server `' @ error/import.c/ImportImageCommand/346.
import: unable to open X server `' @ error/import.c/ImportImageCommand/346.
/zhome/4f/c/186668/.lsbatch/1777310872.28307555.shell: line 6: from: command not found
/zhome/4f/c/186668/.lsbatch/1777310872.28307555.shell: line 7: from: command not found
/zhome/4f/c/186668/.lsbatch/1777310872.28307555.shell: line 10: syntax error near unexpected token `"starting paralellized script"'
/zhome/4f/c/186668/.lsbatch/1777310872.28307555.shell: line 10: `print("starting paralellized script")'

------------------------------------------------------------
Sender: LSF System <lsfadmin@hpc.dtu.dk>
Subject: Job 28307555: <NONAME> in cluster <dcc> Exited

Job <NONAME> was submitted from host <hpclogin1> by user <s224381> in cluster <dcc> at Mon Apr 27 19:27:52 2026
Job was executed on host(s) <n-62-11-65>, in queue <hpc>, as user <s224381> in cluster <dcc> at Mon Apr 27 19:27:54 2026
</zhome/4f/c/186668> was used as the home directory.
</zhome/4f/c/186668/Desktop/02613_HPC/02613_PythonHPC_project> was used as the working directory.
Started at Mon Apr 27 19:27:54 2026
Terminated at Mon Apr 27 19:27:55 2026
Results reported at Mon Apr 27 19:27:55 2026

Your job looked like:

------------------------------------------------------------
# LSBATCH: User input
import multiprocessing
import numpy as np
import matplotlib.pyplot as plt
import sys
import os
from os.path import join
from time import time


print("starting paralellized script")

def load_data(load_dir, bid):
    SIZE = 512
    u = np.zeros((SIZE + 2, SIZE + 2))
    u[1:-1, 1:-1] = np.load(join(load_dir, f"{bid}_domain.npy"))
    interior_mask = np.load(join(load_dir, f"{bid}_interior.npy"))
    return u, interior_mask

def jacobi(u, interior_mask, max_iter, atol=1e-6):
    u = np.copy(u)

    for i in range(max_iter):
        # Compute average of left, right, up and down neighbors, see eq. (1)
        u_new = 0.25 * (u[1:-1, :-2] + u[1:-1, 2:] + u[:-2, 1:-1] + u[2:, 1:-1])
        u_new_interior = u_new[interior_mask]
        delta = np.abs(u[1:-1, 1:-1][interior_mask] - u_new_interior).max()
        u[1:-1, 1:-1][interior_mask] = u_new_interior

        if delta < atol:
            break
    return u

def summary_stats(u, interior_mask):
    u_interior = u[1:-1, 1:-1][interior_mask]
    mean_temp = u_interior.mean()
    std_temp = u_interior.std()
    pct_above_18 = np.sum(u_interior > 18) / u_interior.size * 100
    pct_below_15 = np.sum(u_interior < 15) / u_interior.size * 100
    return {
        'mean_temp': mean_temp,
        'std_temp': std_temp,
        'pct_above_18': pct_above_18,
        'pct_below_15': pct_below_15,
    }

############

def processed(building_ids, LOAD_DIR):
    MAX_ITER = 20_000
    ABS_TOL = 1e-4

(... more ...)
------------------------------------------------------------

Exited with exit code 2.

Resource usage summary:

    CPU time :                                   0.49 sec.
    Max Memory :                                 -
    Average Memory :                             -
    Total Requested Memory :                     1024.00 MB
    Delta Memory :                               -
    Max Swap :                                   -
    Max Processes :                              -
    Max Threads :                                -
    Run time :                                   1 sec.
    Turnaround time :                            3 sec.

The output (if any) is above this job summary.

