timing: 11.441582202911377
building_id, mean_temp, std_temp, pct_above_18, pct_below_15
10000, 14.01670139670278, 6.367649257021634, 30.966330331633575, 55.47538967849264
10009, 11.010186162487592, 5.809308035199677, 16.69765805608604, 74.93466680068349
10014, 14.755706934006504, 7.030979725444269, 38.28912277844506, 52.76460169784817
10019, 14.747894753258768, 7.023112769465386, 38.18475905636769, 52.89162877285073
10029, 10.622507737919518, 6.312460893509999, 18.25563221896085, 74.51301795448481
10031, 12.51870138703076, 6.276148547472659, 24.080075420557996, 66.33473764841057
10051, 13.290568693587787, 5.999000745442376, 25.97693550756574, 62.84890553841633
10053, 11.374393730542227, 6.258993458271203, 19.957686882933707, 72.38848730606487
10056, 14.221562289471542, 6.1794045077543185, 31.770664359612127, 57.05454021123968
10064, 12.728953207612106, 6.964154936671679, 28.848753635028544, 62.67907682432236
timing: 13.65561032295227
building_id, mean_temp, std_temp, pct_above_18, pct_below_15
10000, 14.01670139670278, 6.367649257021634, 30.966330331633575, 55.47538967849264
10009, 11.010186162487592, 5.809308035199677, 16.69765805608604, 74.93466680068349
10014, 14.755706934006504, 7.030979725444269, 38.28912277844506, 52.76460169784817
10019, 14.747894753258768, 7.023112769465386, 38.18475905636769, 52.89162877285073
10029, 10.622507737919518, 6.312460893509999, 18.25563221896085, 74.51301795448481
10031, 12.51870138703076, 6.276148547472659, 24.080075420557996, 66.33473764841057
10051, 13.290568693587787, 5.999000745442376, 25.97693550756574, 62.84890553841633
10053, 11.374393730542227, 6.258993458271203, 19.957686882933707, 72.38848730606487
10056, 14.221562289471542, 6.1794045077543185, 31.770664359612127, 57.05454021123968
10064, 12.728953207612106, 6.964154936671679, 28.848753635028544, 62.67907682432236
10075, 15.167466906325021, 6.441923318013145, 39.21804610900097, 47.35226570090981
10079, 15.102461158826713, 7.31146445383124, 41.92808401490587, 49.40134539999032
timing: 14.53552770614624
building_id, mean_temp, std_temp, pct_above_18, pct_below_15
10000, 14.01670139670278, 6.367649257021634, 30.966330331633575, 55.47538967849264
10009, 11.010186162487592, 5.809308035199677, 16.69765805608604, 74.93466680068349
10014, 14.755706934006504, 7.030979725444269, 38.28912277844506, 52.76460169784817
10019, 14.747894753258768, 7.023112769465386, 38.18475905636769, 52.89162877285073
10029, 10.622507737919518, 6.312460893509999, 18.25563221896085, 74.51301795448481
10031, 12.51870138703076, 6.276148547472659, 24.080075420557996, 66.33473764841057
10051, 13.290568693587787, 5.999000745442376, 25.97693550756574, 62.84890553841633
10053, 11.374393730542227, 6.258993458271203, 19.957686882933707, 72.38848730606487
10056, 14.221562289471542, 6.1794045077543185, 31.770664359612127, 57.05454021123968
10064, 12.728953207612106, 6.964154936671679, 28.848753635028544, 62.67907682432236
10075, 15.167466906325021, 6.441923318013145, 39.21804610900097, 47.35226570090981
10079, 15.102461158826713, 7.31146445383124, 41.92808401490587, 49.40134539999032
10080, 15.785454670460844, 7.27794419080928, 46.40103457397302, 44.68164316995033
10082, 16.47412609813812, 6.709690767446388, 48.685221184391445, 40.51396330188232
timing: 15.15862226486206
building_id, mean_temp, std_temp, pct_above_18, pct_below_15
10000, 14.01670139670278, 6.367649257021634, 30.966330331633575, 55.47538967849264
10009, 11.010186162487592, 5.809308035199677, 16.69765805608604, 74.93466680068349
10014, 14.755706934006504, 7.030979725444269, 38.28912277844506, 52.76460169784817
10019, 14.747894753258768, 7.023112769465386, 38.18475905636769, 52.89162877285073
10029, 10.622507737919518, 6.312460893509999, 18.25563221896085, 74.51301795448481
10031, 12.51870138703076, 6.276148547472659, 24.080075420557996, 66.33473764841057
10051, 13.290568693587787, 5.999000745442376, 25.97693550756574, 62.84890553841633
10053, 11.374393730542227, 6.258993458271203, 19.957686882933707, 72.38848730606487
10056, 14.221562289471542, 6.1794045077543185, 31.770664359612127, 57.05454021123968
10064, 12.728953207612106, 6.964154936671679, 28.848753635028544, 62.67907682432236
10075, 15.167466906325021, 6.441923318013145, 39.21804610900097, 47.35226570090981
10079, 15.102461158826713, 7.31146445383124, 41.92808401490587, 49.40134539999032
10080, 15.785454670460844, 7.27794419080928, 46.40103457397302, 44.68164316995033
10082, 16.47412609813812, 6.709690767446388, 48.685221184391445, 40.51396330188232
10083, 15.642337720605278, 7.120666241272846, 44.870436948965434, 45.874420061760624
10084, 15.103437152612736, 7.1499270524862695, 40.92004216232495, 50.25146815238669
timing: 17.12391686439514
building_id, mean_temp, std_temp, pct_above_18, pct_below_15
10000, 14.01670139670278, 6.367649257021634, 30.966330331633575, 55.47538967849264
10009, 11.010186162487592, 5.809308035199677, 16.69765805608604, 74.93466680068349
10014, 14.755706934006504, 7.030979725444269, 38.28912277844506, 52.76460169784817
10019, 14.747894753258768, 7.023112769465386, 38.18475905636769, 52.89162877285073
10029, 10.622507737919518, 6.312460893509999, 18.25563221896085, 74.51301795448481
10031, 12.51870138703076, 6.276148547472659, 24.080075420557996, 66.33473764841057
10051, 13.290568693587787, 5.999000745442376, 25.97693550756574, 62.84890553841633
10053, 11.374393730542227, 6.258993458271203, 19.957686882933707, 72.38848730606487
10056, 14.221562289471542, 6.1794045077543185, 31.770664359612127, 57.05454021123968
10064, 12.728953207612106, 6.964154936671679, 28.848753635028544, 62.67907682432236
10075, 15.167466906325021, 6.441923318013145, 39.21804610900097, 47.35226570090981
10079, 15.102461158826713, 7.31146445383124, 41.92808401490587, 49.40134539999032
10080, 15.785454670460844, 7.27794419080928, 46.40103457397302, 44.68164316995033
10082, 16.47412609813812, 6.709690767446388, 48.685221184391445, 40.51396330188232
10083, 15.642337720605278, 7.120666241272846, 44.870436948965434, 45.874420061760624
10084, 15.103437152612736, 7.1499270524862695, 40.92004216232495, 50.25146815238669
10085, 15.872017672126223, 7.191593991392708, 46.19291488551234, 44.711558809836205
10086, 14.397957890109891, 7.213698560572426, 37.27791203479942, 52.996616723054615
timing: 19.195929765701294
building_id, mean_temp, std_temp, pct_above_18, pct_below_15
10000, 14.01670139670278, 6.367649257021634, 30.966330331633575, 55.47538967849264
10009, 11.010186162487592, 5.809308035199677, 16.69765805608604, 74.93466680068349
10014, 14.755706934006504, 7.030979725444269, 38.28912277844506, 52.76460169784817
10019, 14.747894753258768, 7.023112769465386, 38.18475905636769, 52.89162877285073
10029, 10.622507737919518, 6.312460893509999, 18.25563221896085, 74.51301795448481
10031, 12.51870138703076, 6.276148547472659, 24.080075420557996, 66.33473764841057
10051, 13.290568693587787, 5.999000745442376, 25.97693550756574, 62.84890553841633
10053, 11.374393730542227, 6.258993458271203, 19.957686882933707, 72.38848730606487
10056, 14.221562289471542, 6.1794045077543185, 31.770664359612127, 57.05454021123968
10064, 12.728953207612106, 6.964154936671679, 28.848753635028544, 62.67907682432236
10075, 15.167466906325021, 6.441923318013145, 39.21804610900097, 47.35226570090981
10079, 15.102461158826713, 7.31146445383124, 41.92808401490587, 49.40134539999032
10080, 15.785454670460844, 7.27794419080928, 46.40103457397302, 44.68164316995033
10082, 16.47412609813812, 6.709690767446388, 48.685221184391445, 40.51396330188232
10083, 15.642337720605278, 7.120666241272846, 44.870436948965434, 45.874420061760624
10084, 15.103437152612736, 7.1499270524862695, 40.92004216232495, 50.25146815238669
10085, 15.872017672126223, 7.191593991392708, 46.19291488551234, 44.711558809836205
10086, 14.397957890109891, 7.213698560572426, 37.27791203479942, 52.996616723054615
10087, 15.08393401864582, 7.270282406923369, 41.56716488017511, 49.857675650793354
10089, 13.999695381265049, 7.271663191050867, 35.49549379155121, 56.325241387136735

------------------------------------------------------------
Sender: LSF System <lsfadmin@hpc.dtu.dk>
Subject: Job 28325389: <Task10final_time> in cluster <dcc> Done

Job <Task10final_time> was submitted from host <hpclogin1> by user <s224381> in cluster <dcc> at Wed Apr 29 12:23:46 2026
Job was executed on host(s) <4*n-62-18-13>, in queue <c02613>, as user <s224381> in cluster <dcc> at Wed Apr 29 12:23:47 2026
</zhome/4f/c/186668> was used as the home directory.
</zhome/4f/c/186668/Desktop/02613_HPC/02613_PythonHPC_project> was used as the working directory.
Started at Wed Apr 29 12:23:47 2026
Terminated at Wed Apr 29 12:25:31 2026
Results reported at Wed Apr 29 12:25:31 2026

Your job looked like:

------------------------------------------------------------
# LSBATCH: User input
#!/bin/bash

#BSUB -J Task10final_time
#BSUB -q c02613
#BSUB -W 30
#BSUB -R "rusage[mem=200MB]"
#BSUB -gpu "num=1:mode=exclusive_process"
#BSUB -n 4
#BSUB -R "span[hosts=1]"
#BSUB -o Task10final_time_%J.out
#BSUB -e Task10final_time_%J.err

# Initialize Python environment
source /dtu/projects/02613_2025/conda/conda_init.sh
conda activate 02613_2026

python src/Task10.py 10
python src/Task10.py 12
python src/Task10.py 14
python src/Task10.py 16
python src/Task10.py 18
python src/Task10.py 20
------------------------------------------------------------

Successfully completed.

Resource usage summary:

    CPU time :                                   98.84 sec.
    Max Memory :                                 125 MB
    Average Memory :                             121.67 MB
    Total Requested Memory :                     800.00 MB
    Delta Memory :                               675.00 MB
    Max Swap :                                   -
    Max Processes :                              4
    Max Threads :                                10
    Run time :                                   104 sec.
    Turnaround time :                            105 sec.

The output (if any) is above this job summary.



PS:

Read file <Task10final_time_28325389.err> for stderr output of this job.

