
------------------------------------------------------------
Sender: LSF System <lsfadmin@hpc.dtu.dk>
Subject: Job 28061359: <Task2> in cluster <dcc> Exited

Job <Task2> was submitted from host <n-62-30-7> by user <s224353> in cluster <dcc> at Thu Mar 19 14:41:04 2026
Job was executed on host(s) <n-62-11-65>, in queue <hpc>, as user <s224353> in cluster <dcc> at Thu Mar 19 14:41:06 2026
</zhome/5f/c/186820> was used as the home directory.
</zhome/5f/c/186820/Desktop/02613hpc/02613_PythonHPC_project> was used as the working directory.
Started at Thu Mar 19 14:41:06 2026
Terminated at Thu Mar 19 14:41:08 2026
Results reported at Thu Mar 19 14:41:08 2026

Your job looked like:

------------------------------------------------------------
# LSBATCH: User input
#!/bin/bash

#BSUB -J Task2
#BSUB -q hpc
#BSUB -W 4
#BSUB -R "rusage[mem=1GB]"
#BSUB -R "select[model==XeonGold6226R]"
#BSUB -n 1
#BSUB -R "span[hosts=1]"
#BSUB -o Task2_%J.out
#BSUB -e Task2_%J.err

# Initialize Python environment
source /dtu/projects/02613_2025/conda/conda_init.sh
conda activate 02613
cd .. 
cd src
kernprof -l Task4.py 1
python -m line_profiler -rmt "Task4.py.lprof" 
------------------------------------------------------------

Exited with exit code 1.

Resource usage summary:

    CPU time :                                   1.36 sec.
    Max Memory :                                 -
    Average Memory :                             -
    Total Requested Memory :                     1024.00 MB
    Delta Memory :                               -
    Max Swap :                                   -
    Max Processes :                              -
    Max Threads :                                -
    Run time :                                   2 sec.
    Turnaround time :                            4 sec.

The output (if any) is above this job summary.



PS:

Read file <Task2_28061359.err> for stderr output of this job.

