starting parralellized script
parallelized_computations Finished
building_id, mean_temp, std_temp, pct_above_18, pct_below_15
10000, 14.01233878811275, 6.367431059312565, 30.941014791508444, 55.542295034537624
10009, 11.000135812436373, 5.811144379826625, 16.6712734948236, 74.9723590310584
10014, 14.744169941950119, 7.037733284673848, 38.26367541377415, 52.80837116508215
10019, 14.735524480624482, 7.030325006703675, 38.14915412864569, 52.92926826787113
10029, 10.616037322820358, 6.317331938274926, 18.25563221896085, 74.51301795448481

------------------------------------------------------------
Sender: LSF System <lsfadmin@hpc.dtu.dk>
Subject: Job 28094162: <Task5> in cluster <dcc> Done

Job <Task5> was submitted from host <n-62-11-21> by user <s224381> in cluster <dcc> at Tue Mar 24 10:27:06 2026
Job was executed on host(s) <4*n-62-11-62>, in queue <hpc>, as user <s224381> in cluster <dcc> at Tue Mar 24 10:27:06 2026
</zhome/4f/c/186668> was used as the home directory.
</zhome/4f/c/186668/Desktop/02613_HPC/02613_PythonHPC_project> was used as the working directory.
Started at Tue Mar 24 10:27:06 2026
Terminated at Tue Mar 24 10:27:33 2026
Results reported at Tue Mar 24 10:27:33 2026

Your job looked like:

------------------------------------------------------------
# LSBATCH: User input
#!/bin/bash

#BSUB -J Task5
#BSUB -q hpc
#BSUB -W 10
#BSUB -R "rusage[mem=1GB]"
#BSUB -R "select[model==XeonGold6226R]"
#BSUB -n 4
#BSUB -R "span[hosts=1]"
#BSUB -o outputfiles/Task5_%J.out
#BSUB -e outputfiles/Task5_%J.err

# Initialize Python environment
source /dtu/projects/02613_2025/conda/conda_init.sh
conda activate 02613

python src/parallelize.py 5

------------------------------------------------------------

Successfully completed.

Resource usage summary:

    CPU time :                                   77.18 sec.
    Max Memory :                                 125 MB
    Average Memory :                             125.00 MB
    Total Requested Memory :                     4096.00 MB
    Delta Memory :                               3971.00 MB
    Max Swap :                                   -
    Max Processes :                              8
    Max Threads :                                12
    Run time :                                   27 sec.
    Turnaround time :                            27 sec.

The output (if any) is above this job summary.



PS:

Read file <outputfiles/Task5_28094162.err> for stderr output of this job.

