No GPU on this node, CUDA module not loaded
Time for 10 is 486.1467797756195
building_id, mean_temp, std_temp, pct_above_18, pct_below_15
10000, 14.016701434535019, 6.367649262232614, 30.966330331633575, 55.47538967849264
10009, 11.01028048638153, 5.80928699600336, 16.69765805608604, 74.93466680068349
10014, 14.76009423643455, 7.028290843423581, 38.297265935139755, 52.74831538445879
10019, 14.75219175313747, 7.020491283113654, 38.191880041912086, 52.886542354604735
10029, 10.622508188742058, 6.312460561811111, 18.25563221896085, 74.51301795448481
10031, 12.518720991183892, 6.276144595273962, 24.080075420557996, 66.33473764841057
10051, 13.290568693587785, 5.999000745442376, 25.97693550756574, 62.84890553841633
10053, 11.374403533368802, 6.258990338763394, 19.957686882933707, 72.38848730606487
10056, 14.22156228947154, 6.1794045077543185, 31.770664359612127, 57.05454021123968
10064, 12.729579225705642, 6.964127503403578, 28.854589132358804, 62.675186492768844

------------------------------------------------------------
Sender: LSF System <lsfadmin@hpc.dtu.dk>
Subject: Job 28324938: <Task7> in cluster <dcc> Done

Job <Task7> was submitted from host <n-62-27-17> by user <s224393> in cluster <dcc> at Wed Apr 29 11:55:54 2026
Job was executed on host(s) <n-62-11-62>, in queue <hpc>, as user <s224393> in cluster <dcc> at Wed Apr 29 11:55:55 2026
</zhome/d9/a/186845> was used as the home directory.
</zhome/d9/a/186845/Documents/HPC_02613/Project/02613_PythonHPC_project> was used as the working directory.
Started at Wed Apr 29 11:55:55 2026
Terminated at Wed Apr 29 12:04:51 2026
Results reported at Wed Apr 29 12:04:51 2026

Your job looked like:

------------------------------------------------------------
# LSBATCH: User input
#!/bin/bash

#BSUB -J Task7
#BSUB -q hpc
#BSUB -W 45 
#BSUB -R "rusage[mem=10GB]"
#BSUB -R "select[model==XeonGold6226R]"
#BSUB -n 1
#BSUB -R "span[hosts=1]"
#BSUB -o outputfiles/Task7_evn2026_%J.out
#BSUB -e outputfiles/Task7_evn2026_%J.err

# Initialize Python environment
source /dtu/projects/02613_2025/conda/conda_init.sh
conda activate 02613_2026

python src/Task7.py 10
#python src/Task7.py 12
#python src/Task7.py 14
#python src/Task7.py 16
#python src/Task7.py 18
#python src/Task7.py 20

------------------------------------------------------------

Successfully completed.

Resource usage summary:

    CPU time :                                   534.69 sec.
    Max Memory :                                 154 MB
    Average Memory :                             141.17 MB
    Total Requested Memory :                     10240.00 MB
    Delta Memory :                               10086.00 MB
    Max Swap :                                   -
    Max Processes :                              4
    Max Threads :                                5
    Run time :                                   536 sec.
    Turnaround time :                            537 sec.

The output (if any) is above this job summary.



PS:

Read file <outputfiles/Task7_evn2026_28324938.err> for stderr output of this job.

