finished an image
finished an image
finished an image
finished an image
finished an image
building_id, mean_temp, std_temp, pct_above_18, pct_below_15
10000, nan, nan, 0.0, 0.0
10009, nan, nan, 0.0, 0.0
10014, nan, nan, 0.0, 0.0
10019, nan, nan, 0.0, 0.0
10029, nan, nan, 0.0, 0.0

------------------------------------------------------------
Sender: LSF System <lsfadmin@hpc.dtu.dk>
Subject: Job 28305538: <Task8> in cluster <dcc> Done

Job <Task8> was submitted from host <n-62-30-3> by user <s235058> in cluster <dcc> at Mon Apr 27 16:10:47 2026
Job was executed on host(s) <4*n-62-18-13>, in queue <c02613>, as user <s235058> in cluster <dcc> at Mon Apr 27 16:12:12 2026
</zhome/10/4/206201> was used as the home directory.
</zhome/10/4/206201/02613PyHPC/02613_PythonHPC_project> was used as the working directory.
Started at Mon Apr 27 16:12:12 2026
Terminated at Mon Apr 27 16:12:17 2026
Results reported at Mon Apr 27 16:12:17 2026

Your job looked like:

------------------------------------------------------------
# LSBATCH: User input
#!/bin/bash

#BSUB -J Task8
#BSUB -q c02613
#BSUB -W 5
#BSUB -R "rusage[mem=10GB]"
#BSUB -gpu "num=1:mode=exclusive_process"
#BSUB -n 4
#BSUB -R "span[hosts=1]"
#BSUB -o outputfiles/Task8_%J.out
#BSUB -e outputfiles/Task8_%J.err

# Initialize Python environment
source /dtu/projects/02613_2025/conda/conda_init.sh
conda activate 02613_2026

time python src/Task8.py 5

------------------------------------------------------------

Successfully completed.

Resource usage summary:

    CPU time :                                   3.03 sec.
    Max Memory :                                 -
    Average Memory :                             -
    Total Requested Memory :                     40960.00 MB
    Delta Memory :                               -
    Max Swap :                                   -
    Max Processes :                              -
    Max Threads :                                -
    Run time :                                   5 sec.
    Turnaround time :                            90 sec.

The output (if any) is above this job summary.



PS:

Read file <outputfiles/Task8_28305538.err> for stderr output of this job.

