Loaded module: cuda/11.8
/dtu/projects/02613_2025/conda/miniconda3/envs/02613_2026/lib/python3.12/site-packages/numba/cuda/cudadrv/devicearray.py:887: NumbaPerformanceWarning: Host array used in CUDA kernel will incur copy overhead to/from device.
  warn(NumbaPerformanceWarning(msg))
Traceback (most recent call last):
  File "/zhome/d9/a/186845/Documents/HPC_02613/Project/02613_PythonHPC_project/src/Task8.py", line 101, in <module>
    u = jacobi_helper(u0, interior_mask, ITER)
        ^^^^^^^^^^^^^^^^^^^^^^^^^^^^^^^^^^^^^^
  File "/zhome/d9/a/186845/Documents/HPC_02613/Project/02613_PythonHPC_project/src/Task8.py", line 35, in jacobi_helper
    jacobi_cuda_kernel[bpg, tpb](u, u_new, interior_mask)
  File "/dtu/projects/02613_2025/conda/miniconda3/envs/02613_2026/lib/python3.12/site-packages/numba/cuda/dispatcher.py", line 539, in __call__
    return self.dispatcher.call(args, self.griddim, self.blockdim,
           ^^^^^^^^^^^^^^^^^^^^^^^^^^^^^^^^^^^^^^^^^^^^^^^^^^^^^^^
  File "/dtu/projects/02613_2025/conda/miniconda3/envs/02613_2026/lib/python3.12/site-packages/numba/cuda/dispatcher.py", line 683, in call
    kernel.launch(args, griddim, blockdim, stream, sharedmem)
  File "/dtu/projects/02613_2025/conda/miniconda3/envs/02613_2026/lib/python3.12/site-packages/numba/cuda/dispatcher.py", line 317, in launch
    self._prepare_args(t, v, stream, retr, kernelargs)
  File "/dtu/projects/02613_2025/conda/miniconda3/envs/02613_2026/lib/python3.12/site-packages/numba/cuda/dispatcher.py", line 387, in _prepare_args
    devary = wrap_arg(val).to_device(retr, stream)
             ^^^^^^^^^^^^^^^^^^^^^^^^^^^^^^^^^^^^^
  File "/dtu/projects/02613_2025/conda/miniconda3/envs/02613_2026/lib/python3.12/site-packages/numba/cuda/args.py", line 58, in to_device
    devary, conv = auto_device(
                   ^^^^^^^^^^^^
  File "/dtu/projects/02613_2025/conda/miniconda3/envs/02613_2026/lib/python3.12/site-packages/numba/cuda/cudadrv/devicearray.py", line 888, in auto_device
    devobj.copy_to_device(obj, stream=stream)
  File "/dtu/projects/02613_2025/conda/miniconda3/envs/02613_2026/lib/python3.12/site-packages/numba/cuda/cudadrv/devices.py", line 232, in _require_cuda_context
    return fn(*args, **kws)
           ^^^^^^^^^^^^^^^^
  File "/dtu/projects/02613_2025/conda/miniconda3/envs/02613_2026/lib/python3.12/site-packages/numba/cuda/cudadrv/devicearray.py", line 235, in copy_to_device
    order='C' if self_core.flags['C_CONTIGUOUS'] else 'F',
                 ^^^^^^^^^^^^^^^
  File "/dtu/projects/02613_2025/conda/miniconda3/envs/02613_2026/lib/python3.12/site-packages/numba/cuda/cudadrv/devicearray.py", line 565, in flags
    return dict(self._dummy.flags) # defensive copy
           ^^^^^^^^^^^^^^^^^^^^^^^
KeyboardInterrupt
