starting paralellized script

------------------------------------------------------------
Sender: LSF System <lsfadmin@hpc.dtu.dk>
Subject: Job 28101446: <Task6> in cluster <dcc> Done

Job <Task6> was submitted from host <n-62-30-1> by user <s235058> in cluster <dcc> at Wed Mar 25 10:15:16 2026
Job was executed on host(s) <16*n-62-11-67>, in queue <hpc>, as user <s235058> in cluster <dcc> at Wed Mar 25 10:15:17 2026
</zhome/10/4/206201> was used as the home directory.
</zhome/10/4/206201/02613PyHPC/02613_PythonHPC_project> was used as the working directory.
Started at Wed Mar 25 10:15:17 2026
Terminated at Wed Mar 25 10:37:42 2026
Results reported at Wed Mar 25 10:37:42 2026

Your job looked like:

------------------------------------------------------------
# LSBATCH: User input
#!/bin/bash

#BSUB -J Task6
#BSUB -q hpc
#BSUB -W 60
#BSUB -R "rusage[mem=200MB]"
#BSUB -R "select[model==XeonGold6226R]"
#BSUB -n 16
#BSUB -R "span[hosts=1]"
#BSUB -o outputfiles/Task6_%J.out
#BSUB -e outputfiles/Task6_%J.err

# Initialize Python environment
source /dtu/projects/02613_2025/conda/conda_init.sh
conda activate 02613

python src/Task6.py 50

------------------------------------------------------------

Successfully completed.

Resource usage summary:

    CPU time :                                   4338.17 sec.
    Max Memory :                                 1132 MB
    Average Memory :                             606.27 MB
    Total Requested Memory :                     3200.00 MB
    Delta Memory :                               2068.00 MB
    Max Swap :                                   -
    Max Processes :                              20
    Max Threads :                                24
    Run time :                                   1345 sec.
    Turnaround time :                            1346 sec.

The output (if any) is above this job summary.



PS:

Read file <outputfiles/Task6_28101446.err> for stderr output of this job.

