
------------------------------------------------------------
Sender: LSF System <lsfadmin@hpc.dtu.dk>
Subject: Job 28307264: <Task8_time> in cluster <dcc> Exited

Job <Task8_time> was submitted from host <n-62-30-1> by user <s224393> in cluster <dcc> at Mon Apr 27 17:37:43 2026
Job was executed on host(s) <4*n-62-18-13>, in queue <c02613>, as user <s224393> in cluster <dcc> at Mon Apr 27 17:37:45 2026
</zhome/d9/a/186845> was used as the home directory.
</zhome/d9/a/186845/Documents/HPC_02613/Project/02613_PythonHPC_project> was used as the working directory.
Started at Mon Apr 27 17:37:45 2026
Terminated at Mon Apr 27 17:37:54 2026
Results reported at Mon Apr 27 17:37:54 2026

Your job looked like:

------------------------------------------------------------
# LSBATCH: User input
#!/bin/bash

#BSUB -J Task8_time
#BSUB -q c02613
#BSUB -W 20
#BSUB -R "rusage[mem=400MB]"
#BSUB -gpu "num=1:mode=exclusive_process"
#BSUB -n 4
#BSUB -R "span[hosts=1]"
#BSUB -o outputfiles/Task8_time_%J.out
#BSUB -e outputfiles/Task8_time_%J.err

# Initialize Python environment
source /dtu/projects/02613_2025/conda/conda_init.sh
conda activate 02613_2026

python src/Task8.py 10
python src/Task8.py 12
python src/Task8.py 14
python src/Task8.py 16
python src/Task8.py 18
python src/Task8.py 20


------------------------------------------------------------

Exited with exit code 1.

Resource usage summary:

    CPU time :                                   4.92 sec.
    Max Memory :                                 -
    Average Memory :                             -
    Total Requested Memory :                     1600.00 MB
    Delta Memory :                               -
    Max Swap :                                   -
    Max Processes :                              -
    Max Threads :                                -
    Run time :                                   9 sec.
    Turnaround time :                            11 sec.

The output (if any) is above this job summary.



PS:

Read file <outputfiles/Task8_time_28307264.err> for stderr output of this job.

