Traceback (most recent call last):
  File "/zhome/d9/a/186845/Documents/HPC_02613/Project/02613_PythonHPC_project/src/Task8.py", line 79, in <module>
    u = jacobi_helper(u0, interior_mask, ITER)
        ^^^^^^^^^^^^^^^^^^^^^^^^^^^^^^^^^^^^^^
  File "/zhome/d9/a/186845/Documents/HPC_02613/Project/02613_PythonHPC_project/src/Task8.py", line 38, in jacobi_helper
    d_u = cuda.to_device(u)
          ^^^^^^^^^^^^^^^^^
  File "/dtu/projects/02613_2025/conda/miniconda3/envs/02613_2026/lib/python3.12/site-packages/numba/cuda/cudadrv/devices.py", line 231, in _require_cuda_context
    with _runtime.ensure_context():
         ^^^^^^^^^^^^^^^^^^^^^^^^^
  File "/dtu/projects/02613_2025/conda/miniconda3/envs/02613_2026/lib/python3.12/contextlib.py", line 137, in __enter__
    return next(self.gen)
           ^^^^^^^^^^^^^^
  File "/dtu/projects/02613_2025/conda/miniconda3/envs/02613_2026/lib/python3.12/site-packages/numba/cuda/cudadrv/devices.py", line 121, in ensure_context
    with driver.get_active_context():
         ^^^^^^^^^^^^^^^^^^^^^^^^^^^
  File "/dtu/projects/02613_2025/conda/miniconda3/envs/02613_2026/lib/python3.12/site-packages/numba/cuda/cudadrv/driver.py", line 499, in __enter__
    driver.cuCtxGetCurrent(byref(hctx))
    ^^^^^^^^^^^^^^^^^^^^^^
  File "/dtu/projects/02613_2025/conda/miniconda3/envs/02613_2026/lib/python3.12/site-packages/numba/cuda/cudadrv/driver.py", line 295, in __getattr__
    raise CudaSupportError("Error at driver init: \n%s:" %
numba.cuda.cudadrv.error.CudaSupportError: Error at driver init: 

CUDA driver library cannot be found.
If you are sure that a CUDA driver is installed,
try setting environment variable NUMBA_CUDA_DRIVER
with the file path of the CUDA driver shared library.
:
Traceback (most recent call last):
  File "/zhome/d9/a/186845/Documents/HPC_02613/Project/02613_PythonHPC_project/src/Task8.py", line 79, in <module>
    u = jacobi_helper(u0, interior_mask, ITER)
        ^^^^^^^^^^^^^^^^^^^^^^^^^^^^^^^^^^^^^^
  File "/zhome/d9/a/186845/Documents/HPC_02613/Project/02613_PythonHPC_project/src/Task8.py", line 38, in jacobi_helper
    d_u = cuda.to_device(u)
          ^^^^^^^^^^^^^^^^^
  File "/dtu/projects/02613_2025/conda/miniconda3/envs/02613_2026/lib/python3.12/site-packages/numba/cuda/cudadrv/devices.py", line 231, in _require_cuda_context
    with _runtime.ensure_context():
         ^^^^^^^^^^^^^^^^^^^^^^^^^
  File "/dtu/projects/02613_2025/conda/miniconda3/envs/02613_2026/lib/python3.12/contextlib.py", line 137, in __enter__
    return next(self.gen)
           ^^^^^^^^^^^^^^
  File "/dtu/projects/02613_2025/conda/miniconda3/envs/02613_2026/lib/python3.12/site-packages/numba/cuda/cudadrv/devices.py", line 121, in ensure_context
    with driver.get_active_context():
         ^^^^^^^^^^^^^^^^^^^^^^^^^^^
  File "/dtu/projects/02613_2025/conda/miniconda3/envs/02613_2026/lib/python3.12/site-packages/numba/cuda/cudadrv/driver.py", line 499, in __enter__
    driver.cuCtxGetCurrent(byref(hctx))
    ^^^^^^^^^^^^^^^^^^^^^^
  File "/dtu/projects/02613_2025/conda/miniconda3/envs/02613_2026/lib/python3.12/site-packages/numba/cuda/cudadrv/driver.py", line 295, in __getattr__
    raise CudaSupportError("Error at driver init: \n%s:" %
numba.cuda.cudadrv.error.CudaSupportError: Error at driver init: 

CUDA driver library cannot be found.
If you are sure that a CUDA driver is installed,
try setting environment variable NUMBA_CUDA_DRIVER
with the file path of the CUDA driver shared library.
:
Traceback (most recent call last):
  File "/zhome/d9/a/186845/Documents/HPC_02613/Project/02613_PythonHPC_project/src/Task8.py", line 79, in <module>
    u = jacobi_helper(u0, interior_mask, ITER)
        ^^^^^^^^^^^^^^^^^^^^^^^^^^^^^^^^^^^^^^
  File "/zhome/d9/a/186845/Documents/HPC_02613/Project/02613_PythonHPC_project/src/Task8.py", line 38, in jacobi_helper
    d_u = cuda.to_device(u)
          ^^^^^^^^^^^^^^^^^
  File "/dtu/projects/02613_2025/conda/miniconda3/envs/02613_2026/lib/python3.12/site-packages/numba/cuda/cudadrv/devices.py", line 231, in _require_cuda_context
    with _runtime.ensure_context():
         ^^^^^^^^^^^^^^^^^^^^^^^^^
  File "/dtu/projects/02613_2025/conda/miniconda3/envs/02613_2026/lib/python3.12/contextlib.py", line 137, in __enter__
    return next(self.gen)
           ^^^^^^^^^^^^^^
  File "/dtu/projects/02613_2025/conda/miniconda3/envs/02613_2026/lib/python3.12/site-packages/numba/cuda/cudadrv/devices.py", line 121, in ensure_context
    with driver.get_active_context():
         ^^^^^^^^^^^^^^^^^^^^^^^^^^^
  File "/dtu/projects/02613_2025/conda/miniconda3/envs/02613_2026/lib/python3.12/site-packages/numba/cuda/cudadrv/driver.py", line 499, in __enter__
    driver.cuCtxGetCurrent(byref(hctx))
    ^^^^^^^^^^^^^^^^^^^^^^
  File "/dtu/projects/02613_2025/conda/miniconda3/envs/02613_2026/lib/python3.12/site-packages/numba/cuda/cudadrv/driver.py", line 295, in __getattr__
    raise CudaSupportError("Error at driver init: \n%s:" %
numba.cuda.cudadrv.error.CudaSupportError: Error at driver init: 

CUDA driver library cannot be found.
If you are sure that a CUDA driver is installed,
try setting environment variable NUMBA_CUDA_DRIVER
with the file path of the CUDA driver shared library.
:
Traceback (most recent call last):
  File "/zhome/d9/a/186845/Documents/HPC_02613/Project/02613_PythonHPC_project/src/Task8.py", line 79, in <module>
    u = jacobi_helper(u0, interior_mask, ITER)
        ^^^^^^^^^^^^^^^^^^^^^^^^^^^^^^^^^^^^^^
  File "/zhome/d9/a/186845/Documents/HPC_02613/Project/02613_PythonHPC_project/src/Task8.py", line 38, in jacobi_helper
    d_u = cuda.to_device(u)
          ^^^^^^^^^^^^^^^^^
  File "/dtu/projects/02613_2025/conda/miniconda3/envs/02613_2026/lib/python3.12/site-packages/numba/cuda/cudadrv/devices.py", line 231, in _require_cuda_context
    with _runtime.ensure_context():
         ^^^^^^^^^^^^^^^^^^^^^^^^^
  File "/dtu/projects/02613_2025/conda/miniconda3/envs/02613_2026/lib/python3.12/contextlib.py", line 137, in __enter__
    return next(self.gen)
           ^^^^^^^^^^^^^^
  File "/dtu/projects/02613_2025/conda/miniconda3/envs/02613_2026/lib/python3.12/site-packages/numba/cuda/cudadrv/devices.py", line 121, in ensure_context
    with driver.get_active_context():
         ^^^^^^^^^^^^^^^^^^^^^^^^^^^
  File "/dtu/projects/02613_2025/conda/miniconda3/envs/02613_2026/lib/python3.12/site-packages/numba/cuda/cudadrv/driver.py", line 499, in __enter__
    driver.cuCtxGetCurrent(byref(hctx))
    ^^^^^^^^^^^^^^^^^^^^^^
  File "/dtu/projects/02613_2025/conda/miniconda3/envs/02613_2026/lib/python3.12/site-packages/numba/cuda/cudadrv/driver.py", line 295, in __getattr__
    raise CudaSupportError("Error at driver init: \n%s:" %
numba.cuda.cudadrv.error.CudaSupportError: Error at driver init: 

CUDA driver library cannot be found.
If you are sure that a CUDA driver is installed,
try setting environment variable NUMBA_CUDA_DRIVER
with the file path of the CUDA driver shared library.
:
Traceback (most recent call last):
  File "/zhome/d9/a/186845/Documents/HPC_02613/Project/02613_PythonHPC_project/src/Task8.py", line 79, in <module>
    u = jacobi_helper(u0, interior_mask, ITER)
        ^^^^^^^^^^^^^^^^^^^^^^^^^^^^^^^^^^^^^^
  File "/zhome/d9/a/186845/Documents/HPC_02613/Project/02613_PythonHPC_project/src/Task8.py", line 38, in jacobi_helper
    d_u = cuda.to_device(u)
          ^^^^^^^^^^^^^^^^^
  File "/dtu/projects/02613_2025/conda/miniconda3/envs/02613_2026/lib/python3.12/site-packages/numba/cuda/cudadrv/devices.py", line 231, in _require_cuda_context
    with _runtime.ensure_context():
         ^^^^^^^^^^^^^^^^^^^^^^^^^
  File "/dtu/projects/02613_2025/conda/miniconda3/envs/02613_2026/lib/python3.12/contextlib.py", line 137, in __enter__
    return next(self.gen)
           ^^^^^^^^^^^^^^
  File "/dtu/projects/02613_2025/conda/miniconda3/envs/02613_2026/lib/python3.12/site-packages/numba/cuda/cudadrv/devices.py", line 121, in ensure_context
    with driver.get_active_context():
         ^^^^^^^^^^^^^^^^^^^^^^^^^^^
  File "/dtu/projects/02613_2025/conda/miniconda3/envs/02613_2026/lib/python3.12/site-packages/numba/cuda/cudadrv/driver.py", line 499, in __enter__
    driver.cuCtxGetCurrent(byref(hctx))
    ^^^^^^^^^^^^^^^^^^^^^^
  File "/dtu/projects/02613_2025/conda/miniconda3/envs/02613_2026/lib/python3.12/site-packages/numba/cuda/cudadrv/driver.py", line 295, in __getattr__
    raise CudaSupportError("Error at driver init: \n%s:" %
numba.cuda.cudadrv.error.CudaSupportError: Error at driver init: 

CUDA driver library cannot be found.
If you are sure that a CUDA driver is installed,
try setting environment variable NUMBA_CUDA_DRIVER
with the file path of the CUDA driver shared library.
:
Traceback (most recent call last):
  File "/zhome/d9/a/186845/Documents/HPC_02613/Project/02613_PythonHPC_project/src/Task8.py", line 79, in <module>
    u = jacobi_helper(u0, interior_mask, ITER)
        ^^^^^^^^^^^^^^^^^^^^^^^^^^^^^^^^^^^^^^
  File "/zhome/d9/a/186845/Documents/HPC_02613/Project/02613_PythonHPC_project/src/Task8.py", line 38, in jacobi_helper
    d_u = cuda.to_device(u)
          ^^^^^^^^^^^^^^^^^
  File "/dtu/projects/02613_2025/conda/miniconda3/envs/02613_2026/lib/python3.12/site-packages/numba/cuda/cudadrv/devices.py", line 231, in _require_cuda_context
    with _runtime.ensure_context():
         ^^^^^^^^^^^^^^^^^^^^^^^^^
  File "/dtu/projects/02613_2025/conda/miniconda3/envs/02613_2026/lib/python3.12/contextlib.py", line 137, in __enter__
    return next(self.gen)
           ^^^^^^^^^^^^^^
  File "/dtu/projects/02613_2025/conda/miniconda3/envs/02613_2026/lib/python3.12/site-packages/numba/cuda/cudadrv/devices.py", line 121, in ensure_context
    with driver.get_active_context():
         ^^^^^^^^^^^^^^^^^^^^^^^^^^^
  File "/dtu/projects/02613_2025/conda/miniconda3/envs/02613_2026/lib/python3.12/site-packages/numba/cuda/cudadrv/driver.py", line 499, in __enter__
    driver.cuCtxGetCurrent(byref(hctx))
    ^^^^^^^^^^^^^^^^^^^^^^
  File "/dtu/projects/02613_2025/conda/miniconda3/envs/02613_2026/lib/python3.12/site-packages/numba/cuda/cudadrv/driver.py", line 295, in __getattr__
    raise CudaSupportError("Error at driver init: \n%s:" %
numba.cuda.cudadrv.error.CudaSupportError: Error at driver init: 

CUDA driver library cannot be found.
If you are sure that a CUDA driver is installed,
try setting environment variable NUMBA_CUDA_DRIVER
with the file path of the CUDA driver shared library.
:
