No GPU on this node, CUDA module not loaded
building_id, mean_temp, std_temp, pct_above_18, pct_below_15
10000, 14.01233878811275, 6.367431059312565, 30.941014791508444, 55.542295034537624
10009, 11.000135812436373, 5.811144379826625, 16.6712734948236, 74.9723590310584
10014, 14.744169941950119, 7.037733284673848, 38.26367541377415, 52.80837116508215
10019, 14.735524480624482, 7.030325006703675, 38.14915412864569, 52.92926826787113
10029, 10.616037322820358, 6.317331938274926, 18.25563221896085, 74.51301795448481
10031, 12.507072852890545, 6.278432089100354, 24.044722033998173, 66.39513301711693
10051, 13.289039951277402, 5.999085063388632, 25.97693550756574, 62.859923608050536
10053, 11.366493551285709, 6.26121798185875, 19.9510754583921, 72.41052538787024
10056, 14.220114507861702, 6.179461157398302, 31.763454814173965, 57.06174975667784
10064, 12.71696893739585, 6.964227784263683, 28.79137124461432, 62.75688345539249

------------------------------------------------------------
Sender: LSF System <lsfadmin@hpc.dtu.dk>
Subject: Job 28324633: <Task7> in cluster <dcc> Exited

Job <Task7> was submitted from host <n-62-27-22> by user <s224393> in cluster <dcc> at Wed Apr 29 11:17:42 2026
Job was executed on host(s) <n-62-11-61>, in queue <hpc>, as user <s224393> in cluster <dcc> at Wed Apr 29 11:17:43 2026
</zhome/d9/a/186845> was used as the home directory.
</zhome/d9/a/186845/Documents/HPC_02613/Project/02613_PythonHPC_project> was used as the working directory.
Started at Wed Apr 29 11:17:43 2026
Terminated at Wed Apr 29 11:26:26 2026
Results reported at Wed Apr 29 11:26:26 2026

Your job looked like:

------------------------------------------------------------
# LSBATCH: User input
#!/bin/bash

#BSUB -J Task7
#BSUB -q hpc
#BSUB -W 45 
#BSUB -R "rusage[mem=10GB]"
#BSUB -R "select[model==XeonGold6226R]"
#BSUB -n 1
#BSUB -R "span[hosts=1]"
#BSUB -o outputfiles/Task7_evn2026_%J.out
#BSUB -e outputfiles/Task7_evn2026_%J.err

# Initialize Python environment
source /dtu/projects/02613_2025/conda/conda_init.sh
conda activate 02613_2026

python src/Task7.py 10
python src/Task7.py 12
python src/Task7.py 14
python src/Task7.py 16
python src/Task7.py 18
python src/Task7.py 20

------------------------------------------------------------

TERM_OWNER: job killed by owner.
Exited with exit code 130.

Resource usage summary:

    CPU time :                                   520.22 sec.
    Max Memory :                                 167 MB
    Average Memory :                             149.83 MB
    Total Requested Memory :                     10240.00 MB
    Delta Memory :                               10073.00 MB
    Max Swap :                                   -
    Max Processes :                              4
    Max Threads :                                5
    Run time :                                   523 sec.
    Turnaround time :                            524 sec.

The output (if any) is above this job summary.



PS:

Read file <outputfiles/Task7_evn2026_28324633.err> for stderr output of this job.

