[[0. 0. 0. ... 0. 0. 0.]
 [0. 0. 0. ... 0. 0. 0.]
 [0. 0. 0. ... 0. 0. 0.]
 ...
 [0. 0. 0. ... 0. 0. 0.]
 [0. 0. 0. ... 0. 0. 0.]
 [0. 0. 0. ... 0. 0. 0.]]
[[0. 0. 0. ... 0. 0. 0.]
 [0. 0. 0. ... 0. 0. 0.]
 [0. 0. 0. ... 0. 0. 0.]
 ...
 [0. 0. 0. ... 0. 0. 0.]
 [0. 0. 0. ... 0. 0. 0.]
 [0. 0. 0. ... 0. 0. 0.]]
building_id, mean_temp, std_temp, pct_above_18, pct_below_15
10000, 14.016444644381679, 6.368156833064619, 30.966330331633575, 55.47538967849264
10009, 11.01018616248759, 5.8093080351996775, 16.69765805608604, 74.93466680068349

------------------------------------------------------------
Sender: LSF System <lsfadmin@hpc.dtu.dk>
Subject: Job 28305715: <Task8> in cluster <dcc> Done

Job <Task8> was submitted from host <n-62-30-3> by user <s235058> in cluster <dcc> at Mon Apr 27 16:30:17 2026
Job was executed on host(s) <4*n-62-18-13>, in queue <c02613>, as user <s235058> in cluster <dcc> at Mon Apr 27 16:30:19 2026
</zhome/10/4/206201> was used as the home directory.
</zhome/10/4/206201/02613PyHPC/02613_PythonHPC_project> was used as the working directory.
Started at Mon Apr 27 16:30:19 2026
Terminated at Mon Apr 27 16:31:33 2026
Results reported at Mon Apr 27 16:31:33 2026

Your job looked like:

------------------------------------------------------------
# LSBATCH: User input
#!/bin/bash

#BSUB -J Task8
#BSUB -q c02613
#BSUB -W 1
#BSUB -R "rusage[mem=100MB]"
#BSUB -gpu "num=1:mode=exclusive_process"
#BSUB -n 4
#BSUB -R "span[hosts=1]"
#BSUB -o outputfiles/Task8_%J.out
#BSUB -e outputfiles/Task8_%J.err

# Initialize Python environment
source /dtu/projects/02613_2025/conda/conda_init.sh
conda activate 02613_2026

time python src/Task8.py 2

------------------------------------------------------------

Successfully completed.

Resource usage summary:

    CPU time :                                   72.06 sec.
    Max Memory :                                 124 MB
    Average Memory :                             123.25 MB
    Total Requested Memory :                     400.00 MB
    Delta Memory :                               276.00 MB
    Max Swap :                                   -
    Max Processes :                              4
    Max Threads :                                10
    Run time :                                   74 sec.
    Turnaround time :                            76 sec.

The output (if any) is above this job summary.



PS:

Read file <outputfiles/Task8_28305715.err> for stderr output of this job.

