No GPU on this node, CUDA module not loaded

------------------------------------------------------------
Sender: LSF System <lsfadmin@hpc.dtu.dk>
Subject: Job 28324746: <Task7> in cluster <dcc> Exited

Job <Task7> was submitted from host <n-62-27-17> by user <s224393> in cluster <dcc> at Wed Apr 29 11:27:21 2026
Job was executed on host(s) <n-62-11-60>, in queue <hpc>, as user <s224393> in cluster <dcc> at Wed Apr 29 11:27:23 2026
</zhome/d9/a/186845> was used as the home directory.
</zhome/d9/a/186845/Documents/HPC_02613/Project/02613_PythonHPC_project> was used as the working directory.
Started at Wed Apr 29 11:27:23 2026
Terminated at Wed Apr 29 11:28:57 2026
Results reported at Wed Apr 29 11:28:57 2026

Your job looked like:

------------------------------------------------------------
# LSBATCH: User input
#!/bin/bash

#BSUB -J Task7
#BSUB -q hpc
#BSUB -W 45 
#BSUB -R "rusage[mem=10GB]"
#BSUB -R "select[model==XeonGold6226R]"
#BSUB -n 1
#BSUB -R "span[hosts=1]"
#BSUB -o outputfiles/Task7_evn2026_%J.out
#BSUB -e outputfiles/Task7_evn2026_%J.err

# Initialize Python environment
source /dtu/projects/02613_2025/conda/conda_init.sh
conda activate 02613_2026

python src/Task7.py 10
python src/Task7.py 12
python src/Task7.py 14
python src/Task7.py 16
python src/Task7.py 18
python src/Task7.py 20

------------------------------------------------------------

TERM_OWNER: job killed by owner.
Exited with exit code 130.

Resource usage summary:

    CPU time :                                   93.20 sec.
    Max Memory :                                 143 MB
    Average Memory :                             134.00 MB
    Total Requested Memory :                     10240.00 MB
    Delta Memory :                               10097.00 MB
    Max Swap :                                   -
    Max Processes :                              4
    Max Threads :                                5
    Run time :                                   94 sec.
    Turnaround time :                            96 sec.

The output (if any) is above this job summary.



PS:

Read file <outputfiles/Task7_evn2026_28324746.err> for stderr output of this job.

