[[0. 0. 0. ... 0. 0. 0.]
 [0. 0. 0. ... 0. 0. 0.]
 [0. 0. 0. ... 0. 0. 0.]
 ...
 [0. 0. 0. ... 0. 0. 0.]
 [0. 0. 0. ... 0. 0. 0.]
 [0. 0. 0. ... 0. 0. 0.]]
[[0. 0. 0. ... 0. 0. 0.]
 [0. 0. 0. ... 0. 0. 0.]
 [0. 0. 0. ... 0. 0. 0.]
 ...
 [0. 0. 0. ... 0. 0. 0.]
 [0. 0. 0. ... 0. 0. 0.]
 [0. 0. 0. ... 0. 0. 0.]]
[[0. 0. 0. ... 0. 0. 0.]
 [0. 0. 0. ... 0. 0. 0.]
 [0. 0. 0. ... 0. 0. 0.]
 ...
 [0. 0. 0. ... 0. 0. 0.]
 [0. 0. 0. ... 0. 0. 0.]
 [0. 0. 0. ... 0. 0. 0.]]
[[0. 0. 0. ... 0. 0. 0.]
 [0. 0. 0. ... 0. 0. 0.]
 [0. 0. 0. ... 0. 0. 0.]
 ...
 [0. 0. 0. ... 0. 0. 0.]
 [0. 0. 0. ... 0. 0. 0.]
 [0. 0. 0. ... 0. 0. 0.]]
[[0. 0. 0. ... 0. 0. 0.]
 [0. 0. 0. ... 0. 0. 0.]
 [0. 0. 0. ... 0. 0. 0.]
 ...
 [0. 0. 0. ... 0. 0. 0.]
 [0. 0. 0. ... 0. 0. 0.]
 [0. 0. 0. ... 0. 0. 0.]]
building_id, mean_temp, std_temp, pct_above_18, pct_below_15
10000, 6.541770221539321, 6.556345703338739, 9.992405337962461, 85.11446240642292
10009, 4.065350344467053, 5.479234890002079, 5.165091969042114, 92.28691325761383
10014, 4.931284498373789, 6.4511640895305895, 7.930416726043851, 88.30846277559496
10019, 4.929133117761272, 6.4452415634066105, 7.930743329162471, 88.37244788964507
10029, 5.6999876227436115, 6.273017351007464, 8.359699614988754, 87.76350398353219

------------------------------------------------------------
Sender: LSF System <lsfadmin@hpc.dtu.dk>
Subject: Job 28305632: <Task8> in cluster <dcc> Done

Job <Task8> was submitted from host <n-62-30-3> by user <s235058> in cluster <dcc> at Mon Apr 27 16:19:45 2026
Job was executed on host(s) <4*n-62-18-13>, in queue <c02613>, as user <s235058> in cluster <dcc> at Mon Apr 27 16:19:46 2026
</zhome/10/4/206201> was used as the home directory.
</zhome/10/4/206201/02613PyHPC/02613_PythonHPC_project> was used as the working directory.
Started at Mon Apr 27 16:19:46 2026
Terminated at Mon Apr 27 16:19:53 2026
Results reported at Mon Apr 27 16:19:53 2026

Your job looked like:

------------------------------------------------------------
# LSBATCH: User input
#!/bin/bash

#BSUB -J Task8
#BSUB -q c02613
#BSUB -W 1
#BSUB -R "rusage[mem=100MB]"
#BSUB -gpu "num=1:mode=exclusive_process"
#BSUB -n 4
#BSUB -R "span[hosts=1]"
#BSUB -o outputfiles/Task8_%J.out
#BSUB -e outputfiles/Task8_%J.err

# Initialize Python environment
source /dtu/projects/02613_2025/conda/conda_init.sh
conda activate 02613_2026

time python src/Task8.py 5

------------------------------------------------------------

Successfully completed.

Resource usage summary:

    CPU time :                                   4.74 sec.
    Max Memory :                                 -
    Average Memory :                             -
    Total Requested Memory :                     400.00 MB
    Delta Memory :                               -
    Max Swap :                                   -
    Max Processes :                              -
    Max Threads :                                -
    Run time :                                   7 sec.
    Turnaround time :                            8 sec.

The output (if any) is above this job summary.



PS:

Read file <outputfiles/Task8_28305632.err> for stderr output of this job.

