
------------------------------------------------------------
Sender: LSF System <lsfadmin@hpc.dtu.dk>
Subject: Job 28307524: <Task8_time> in cluster <dcc> Exited

Job <Task8_time> was submitted from host <n-62-30-1> by user <s224393> in cluster <dcc> at Mon Apr 27 19:13:26 2026
Job was executed on host(s) <4*n-62-18-13>, in queue <c02613>, as user <s224393> in cluster <dcc> at Mon Apr 27 19:13:28 2026
</zhome/d9/a/186845> was used as the home directory.
</zhome/d9/a/186845/Documents/HPC_02613/Project/02613_PythonHPC_project> was used as the working directory.
Started at Mon Apr 27 19:13:28 2026
Terminated at Mon Apr 27 19:13:54 2026
Results reported at Mon Apr 27 19:13:54 2026

Your job looked like:

------------------------------------------------------------
# LSBATCH: User input
#!/bin/bash

#BSUB -J Task8_time
#BSUB -q c02613
#BSUB -W 20
#BSUB -R "rusage[mem=200MB]"
#BSUB -gpu "num=1:mode=exclusive_process"
#BSUB -n 4
#BSUB -R "span[hosts=1]"
#BSUB -o outputfiles/Task8_time_%J.out
#BSUB -e outputfiles/Task8_time_%J.err

# Initialize Python environment
source /dtu/projects/02613_2025/conda/conda_init.sh
conda activate 02613_2026

python src/Task8.py 10
python src/Task8.py 12
python src/Task8.py 14
python src/Task8.py 16
python src/Task8.py 18
python src/Task8.py 20


------------------------------------------------------------

TERM_OWNER: job killed by owner.
Exited with exit code 130.

Resource usage summary:

    CPU time :                                   22.40 sec.
    Max Memory :                                 139 MB
    Average Memory :                             131.33 MB
    Total Requested Memory :                     800.00 MB
    Delta Memory :                               661.00 MB
    Max Swap :                                   -
    Max Processes :                              4
    Max Threads :                                10
    Run time :                                   26 sec.
    Turnaround time :                            28 sec.

The output (if any) is above this job summary.



PS:

Read file <outputfiles/Task8_time_28307524.err> for stderr output of this job.

