Loaded module: cuda/11.8
Traceback (most recent call last):
  File "/zhome/d9/a/186845/Documents/HPC_02613/Project/02613_PythonHPC_project/src/Task8.py", line 62, in <module>
    u0, interior_mask = load_data(LOAD_DIR, bid)
                        ^^^^^^^^^^^^^^^^^^^^^^^^
  File "/zhome/d9/a/186845/Documents/HPC_02613/Project/02613_PythonHPC_project/src/Task8.py", line 12, in load_data
    u[1:-1, 1:-1] = np.load(join(load_dir, f"{bid}_domain.npy"))
                    ^^^^^^^^^^^^^^^^^^^^^^^^^^^^^^^^^^^^^^^^^^^^
  File "/dtu/projects/02613_2025/conda/miniconda3/envs/02613_2026/lib/python3.12/site-packages/numpy/lib/npyio.py", line 427, in load
    fid = stack.enter_context(open(os_fspath(file), "rb"))
                              ^^^^^^^^^^^^^^^^^^^^^^^^^^^
FileNotFoundError: [Errno 2] No such file or directory: '/dtu/projects/02613_2025/data/modified_swiss_dwellings/1_domain.npy'
Traceback (most recent call last):
  File "/zhome/d9/a/186845/Documents/HPC_02613/Project/02613_PythonHPC_project/src/Task8.py", line 62, in <module>
    u0, interior_mask = load_data(LOAD_DIR, bid)
                        ^^^^^^^^^^^^^^^^^^^^^^^^
  File "/zhome/d9/a/186845/Documents/HPC_02613/Project/02613_PythonHPC_project/src/Task8.py", line 12, in load_data
    u[1:-1, 1:-1] = np.load(join(load_dir, f"{bid}_domain.npy"))
                    ^^^^^^^^^^^^^^^^^^^^^^^^^^^^^^^^^^^^^^^^^^^^
  File "/dtu/projects/02613_2025/conda/miniconda3/envs/02613_2026/lib/python3.12/site-packages/numpy/lib/npyio.py", line 427, in load
    fid = stack.enter_context(open(os_fspath(file), "rb"))
                              ^^^^^^^^^^^^^^^^^^^^^^^^^^^
FileNotFoundError: [Errno 2] No such file or directory: '/dtu/projects/02613_2025/data/modified_swiss_dwellings/1_domain.npy'
Traceback (most recent call last):
  File "/zhome/d9/a/186845/Documents/HPC_02613/Project/02613_PythonHPC_project/src/Task8.py", line 62, in <module>
    u0, interior_mask = load_data(LOAD_DIR, bid)
                        ^^^^^^^^^^^^^^^^^^^^^^^^
  File "/zhome/d9/a/186845/Documents/HPC_02613/Project/02613_PythonHPC_project/src/Task8.py", line 12, in load_data
    u[1:-1, 1:-1] = np.load(join(load_dir, f"{bid}_domain.npy"))
                    ^^^^^^^^^^^^^^^^^^^^^^^^^^^^^^^^^^^^^^^^^^^^
  File "/dtu/projects/02613_2025/conda/miniconda3/envs/02613_2026/lib/python3.12/site-packages/numpy/lib/npyio.py", line 427, in load
    fid = stack.enter_context(open(os_fspath(file), "rb"))
                              ^^^^^^^^^^^^^^^^^^^^^^^^^^^
FileNotFoundError: [Errno 2] No such file or directory: '/dtu/projects/02613_2025/data/modified_swiss_dwellings/1_domain.npy'
Traceback (most recent call last):
  File "/zhome/d9/a/186845/Documents/HPC_02613/Project/02613_PythonHPC_project/src/Task8.py", line 62, in <module>
    u0, interior_mask = load_data(LOAD_DIR, bid)
                        ^^^^^^^^^^^^^^^^^^^^^^^^
  File "/zhome/d9/a/186845/Documents/HPC_02613/Project/02613_PythonHPC_project/src/Task8.py", line 12, in load_data
    u[1:-1, 1:-1] = np.load(join(load_dir, f"{bid}_domain.npy"))
                    ^^^^^^^^^^^^^^^^^^^^^^^^^^^^^^^^^^^^^^^^^^^^
  File "/dtu/projects/02613_2025/conda/miniconda3/envs/02613_2026/lib/python3.12/site-packages/numpy/lib/npyio.py", line 427, in load
    fid = stack.enter_context(open(os_fspath(file), "rb"))
                              ^^^^^^^^^^^^^^^^^^^^^^^^^^^
FileNotFoundError: [Errno 2] No such file or directory: '/dtu/projects/02613_2025/data/modified_swiss_dwellings/1_domain.npy'
Traceback (most recent call last):
  File "/zhome/d9/a/186845/Documents/HPC_02613/Project/02613_PythonHPC_project/src/Task8.py", line 62, in <module>
    u0, interior_mask = load_data(LOAD_DIR, bid)
                        ^^^^^^^^^^^^^^^^^^^^^^^^
  File "/zhome/d9/a/186845/Documents/HPC_02613/Project/02613_PythonHPC_project/src/Task8.py", line 12, in load_data
    u[1:-1, 1:-1] = np.load(join(load_dir, f"{bid}_domain.npy"))
                    ^^^^^^^^^^^^^^^^^^^^^^^^^^^^^^^^^^^^^^^^^^^^
  File "/dtu/projects/02613_2025/conda/miniconda3/envs/02613_2026/lib/python3.12/site-packages/numpy/lib/npyio.py", line 427, in load
    fid = stack.enter_context(open(os_fspath(file), "rb"))
                              ^^^^^^^^^^^^^^^^^^^^^^^^^^^
FileNotFoundError: [Errno 2] No such file or directory: '/dtu/projects/02613_2025/data/modified_swiss_dwellings/1_domain.npy'
Traceback (most recent call last):
  File "/zhome/d9/a/186845/Documents/HPC_02613/Project/02613_PythonHPC_project/src/Task8.py", line 62, in <module>
    u0, interior_mask = load_data(LOAD_DIR, bid)
                        ^^^^^^^^^^^^^^^^^^^^^^^^
  File "/zhome/d9/a/186845/Documents/HPC_02613/Project/02613_PythonHPC_project/src/Task8.py", line 12, in load_data
    u[1:-1, 1:-1] = np.load(join(load_dir, f"{bid}_domain.npy"))
                    ^^^^^^^^^^^^^^^^^^^^^^^^^^^^^^^^^^^^^^^^^^^^
  File "/dtu/projects/02613_2025/conda/miniconda3/envs/02613_2026/lib/python3.12/site-packages/numpy/lib/npyio.py", line 427, in load
    fid = stack.enter_context(open(os_fspath(file), "rb"))
                              ^^^^^^^^^^^^^^^^^^^^^^^^^^^
FileNotFoundError: [Errno 2] No such file or directory: '/dtu/projects/02613_2025/data/modified_swiss_dwellings/1_domain.npy'
