Time for 10 is 54.61782789230347
building_id, mean_temp, std_temp, pct_above_18, pct_below_15
10000, 13.916538216577358, 6.36612619337918, 30.317167552710572, 56.6941521102311
10009, 10.522489093918367, 5.875878200777881, 15.639762790230174, 76.5139712533923
10014, 13.634444782269565, 7.367970740923636, 35.00946641965758, 57.032633700453985
10019, 13.63197742223423, 7.362184203132031, 34.97522914314198, 57.05130161442915
10029, 10.557592853824051, 6.357177879168306, 18.194640338504936, 74.54351389471276
10031, 12.139274333036791, 6.335295516179112, 23.12848009898948, 67.88292136817606
10051, 13.290411557695666, 5.999008893874241, 25.97693550756574, 62.85074188335537
10053, 11.186474045687236, 6.313401258057157, 19.697637517630465, 72.88875176304654
10056, 14.221356804382864, 6.179411510548757, 31.770664359612127, 57.05454021123968
10064, 11.926461536679891, 6.971111730921125, 25.04109162703391, 66.54606638850797
Time for 12 is 70.31020641326904
building_id, mean_temp, std_temp, pct_above_18, pct_below_15
10000, 13.916538216577358, 6.36612619337918, 30.317167552710572, 56.6941521102311
10009, 10.522489093918367, 5.875878200777881, 15.639762790230174, 76.5139712533923
10014, 13.634444782269565, 7.367970740923636, 35.00946641965758, 57.032633700453985
10019, 13.63197742223423, 7.362184203132031, 34.97522914314198, 57.05130161442915
10029, 10.557592853824051, 6.357177879168306, 18.194640338504936, 74.54351389471276
10031, 12.139274333036791, 6.335295516179112, 23.12848009898948, 67.88292136817606
10051, 13.290411557695666, 5.999008893874241, 25.97693550756574, 62.85074188335537
10053, 11.186474045687236, 6.313401258057157, 19.697637517630465, 72.88875176304654
10056, 14.221356804382864, 6.179411510548757, 31.770664359612127, 57.05454021123968
10064, 11.926461536679891, 6.971111730921125, 25.04109162703391, 66.54606638850797
10075, 13.323297780340845, 6.599670819644759, 28.330094514618846, 61.425669110502604
10079, 14.03183612436265, 7.456473758916446, 37.426317572472534, 54.02506896384842
Time for 14 is 81.18902802467346
building_id, mean_temp, std_temp, pct_above_18, pct_below_15
10000, 13.916538216577358, 6.36612619337918, 30.317167552710572, 56.6941521102311
10009, 10.522489093918367, 5.875878200777881, 15.639762790230174, 76.5139712533923
10014, 13.634444782269565, 7.367970740923636, 35.00946641965758, 57.032633700453985
10019, 13.63197742223423, 7.362184203132031, 34.97522914314198, 57.05130161442915
10029, 10.557592853824051, 6.357177879168306, 18.194640338504936, 74.54351389471276
10031, 12.139274333036791, 6.335295516179112, 23.12848009898948, 67.88292136817606
10051, 13.290411557695666, 5.999008893874241, 25.97693550756574, 62.85074188335537
10053, 11.186474045687236, 6.313401258057157, 19.697637517630465, 72.88875176304654
10056, 14.221356804382864, 6.179411510548757, 31.770664359612127, 57.05454021123968
10064, 11.926461536679891, 6.971111730921125, 25.04109162703391, 66.54606638850797
10075, 13.323297780340845, 6.599670819644759, 28.330094514618846, 61.425669110502604
10079, 14.03183612436265, 7.456473758916446, 37.426317572472534, 54.02506896384842
10080, 14.657568730548443, 7.4103665796946485, 40.93327193816069, 49.67620577833077
10082, 15.103557977239902, 7.031010657100776, 41.612062016974065, 47.43729552889858
Time for 16 is 89.44820976257324
building_id, mean_temp, std_temp, pct_above_18, pct_below_15
10000, 13.916538216577358, 6.36612619337918, 30.317167552710572, 56.6941521102311
10009, 10.522489093918367, 5.875878200777881, 15.639762790230174, 76.5139712533923
10014, 13.634444782269565, 7.367970740923636, 35.00946641965758, 57.032633700453985
10019, 13.63197742223423, 7.362184203132031, 34.97522914314198, 57.05130161442915
10029, 10.557592853824051, 6.357177879168306, 18.194640338504936, 74.54351389471276
10031, 12.139274333036791, 6.335295516179112, 23.12848009898948, 67.88292136817606
10051, 13.290411557695666, 5.999008893874241, 25.97693550756574, 62.85074188335537
10053, 11.186474045687236, 6.313401258057157, 19.697637517630465, 72.88875176304654
10056, 14.221356804382864, 6.179411510548757, 31.770664359612127, 57.05454021123968
10064, 11.926461536679891, 6.971111730921125, 25.04109162703391, 66.54606638850797
10075, 13.323297780340845, 6.599670819644759, 28.330094514618846, 61.425669110502604
10079, 14.03183612436265, 7.456473758916446, 37.426317572472534, 54.02506896384842
10080, 14.657568730548443, 7.4103665796946485, 40.93327193816069, 49.67620577833077
10082, 15.103557977239902, 7.031010657100776, 41.612062016974065, 47.43729552889858
10083, 15.54041585742441, 7.129098175324957, 44.42438798800591, 46.292124774364865
10084, 15.016025480492544, 7.172737474749779, 40.54509862972444, 50.6655624152989
Time for 18 is 99.14430737495422
building_id, mean_temp, std_temp, pct_above_18, pct_below_15
10000, 13.916538216577358, 6.36612619337918, 30.317167552710572, 56.6941521102311
10009, 10.522489093918367, 5.875878200777881, 15.639762790230174, 76.5139712533923
10014, 13.634444782269565, 7.367970740923636, 35.00946641965758, 57.032633700453985
10019, 13.63197742223423, 7.362184203132031, 34.97522914314198, 57.05130161442915
10029, 10.557592853824051, 6.357177879168306, 18.194640338504936, 74.54351389471276
10031, 12.139274333036791, 6.335295516179112, 23.12848009898948, 67.88292136817606
10051, 13.290411557695666, 5.999008893874241, 25.97693550756574, 62.85074188335537
10053, 11.186474045687236, 6.313401258057157, 19.697637517630465, 72.88875176304654
10056, 14.221356804382864, 6.179411510548757, 31.770664359612127, 57.05454021123968
10064, 11.926461536679891, 6.971111730921125, 25.04109162703391, 66.54606638850797
10075, 13.323297780340845, 6.599670819644759, 28.330094514618846, 61.425669110502604
10079, 14.03183612436265, 7.456473758916446, 37.426317572472534, 54.02506896384842
10080, 14.657568730548443, 7.4103665796946485, 40.93327193816069, 49.67620577833077
10082, 15.103557977239902, 7.031010657100776, 41.612062016974065, 47.43729552889858
10083, 15.54041585742441, 7.129098175324957, 44.42438798800591, 46.292124774364865
10084, 15.016025480492544, 7.172737474749779, 40.54509862972444, 50.6655624152989
10085, 15.75165869366956, 7.232665339334619, 45.617302238963894, 45.3196202085185
10086, 13.383572887133097, 7.297613197893956, 33.25664572257129, 57.68583856935717
Time for 20 is 121.58080172538757
building_id, mean_temp, std_temp, pct_above_18, pct_below_15
10000, 13.916538216577358, 6.36612619337918, 30.317167552710572, 56.6941521102311
10009, 10.522489093918367, 5.875878200777881, 15.639762790230174, 76.5139712533923
10014, 13.634444782269565, 7.367970740923636, 35.00946641965758, 57.032633700453985
10019, 13.63197742223423, 7.362184203132031, 34.97522914314198, 57.05130161442915
10029, 10.557592853824051, 6.357177879168306, 18.194640338504936, 74.54351389471276
10031, 12.139274333036791, 6.335295516179112, 23.12848009898948, 67.88292136817606
10051, 13.290411557695666, 5.999008893874241, 25.97693550756574, 62.85074188335537
10053, 11.186474045687236, 6.313401258057157, 19.697637517630465, 72.88875176304654
10056, 14.221356804382864, 6.179411510548757, 31.770664359612127, 57.05454021123968
10064, 11.926461536679891, 6.971111730921125, 25.04109162703391, 66.54606638850797
10075, 13.323297780340845, 6.599670819644759, 28.330094514618846, 61.425669110502604
10079, 14.03183612436265, 7.456473758916446, 37.426317572472534, 54.02506896384842
10080, 14.657568730548443, 7.4103665796946485, 40.93327193816069, 49.67620577833077
10082, 15.103557977239902, 7.031010657100776, 41.612062016974065, 47.43729552889858
10083, 15.54041585742441, 7.129098175324957, 44.42438798800591, 46.292124774364865
10084, 15.016025480492544, 7.172737474749779, 40.54509862972444, 50.6655624152989
10085, 15.75165869366956, 7.232665339334619, 45.617302238963894, 45.3196202085185
10086, 13.383572887133097, 7.297613197893956, 33.25664572257129, 57.68583856935717
10087, 14.001910581861237, 7.46299070929676, 37.42425808148656, 54.15089199319849
10089, 12.960968030863965, 7.48355753640931, 31.74961936014677, 60.52031812980528

------------------------------------------------------------
Sender: LSF System <lsfadmin@hpc.dtu.dk>
Subject: Job 28321271: <Task8_time> in cluster <dcc> Done

Job <Task8_time> was submitted from host <n-62-30-5> by user <s224393> in cluster <dcc> at Wed Apr 29 08:38:16 2026
Job was executed on host(s) <4*n-62-18-13>, in queue <c02613>, as user <s224393> in cluster <dcc> at Wed Apr 29 08:38:16 2026
</zhome/d9/a/186845> was used as the home directory.
</zhome/d9/a/186845/Documents/HPC_02613/Project/02613_PythonHPC_project> was used as the working directory.
Started at Wed Apr 29 08:38:16 2026
Terminated at Wed Apr 29 08:48:34 2026
Results reported at Wed Apr 29 08:48:34 2026

Your job looked like:

------------------------------------------------------------
# LSBATCH: User input
#!/bin/bash

#BSUB -J Task8_time
#BSUB -q c02613
#BSUB -W 30
#BSUB -R "rusage[mem=200MB]"
#BSUB -gpu "num=1:mode=exclusive_process"
#BSUB -n 4
#BSUB -R "span[hosts=1]"
#BSUB -o outputfiles/Task8_time_%J.out
#BSUB -e outputfiles/Task8_time_%J.err

# Initialize Python environment
source /dtu/projects/02613_2025/conda/conda_init.sh
conda activate 02613_2026

python src/Task8.py 10
python src/Task8.py 12
python src/Task8.py 14
python src/Task8.py 16
python src/Task8.py 18
python src/Task8.py 20


------------------------------------------------------------

Successfully completed.

Resource usage summary:

    CPU time :                                   607.57 sec.
    Max Memory :                                 213 MB
    Average Memory :                             175.71 MB
    Total Requested Memory :                     800.00 MB
    Delta Memory :                               587.00 MB
    Max Swap :                                   -
    Max Processes :                              4
    Max Threads :                                10
    Run time :                                   618 sec.
    Turnaround time :                            618 sec.

The output (if any) is above this job summary.



PS:

Read file <outputfiles/Task8_time_28321271.err> for stderr output of this job.

