
------------------------------------------------------------
Sender: LSF System <lsfadmin@hpc.dtu.dk>
Subject: Job 28093795: <Task4> in cluster <dcc> Exited

Job <Task4> was submitted from host <n-62-27-17> by user <s224353> in cluster <dcc> at Tue Mar 24 08:52:25 2026
Job was executed on host(s) <n-62-11-61>, in queue <hpc>, as user <s224353> in cluster <dcc> at Tue Mar 24 08:52:27 2026
</zhome/5f/c/186820> was used as the home directory.
</zhome/5f/c/186820/Desktop/02613hpc/02613_PythonHPC_project/src> was used as the working directory.
Started at Tue Mar 24 08:52:27 2026
Terminated at Tue Mar 24 08:52:38 2026
Results reported at Tue Mar 24 08:52:38 2026

Your job looked like:

------------------------------------------------------------
# LSBATCH: User input
#!/bin/bash

#BSUB -J Task4
#BSUB -q hpc
#BSUB -W 4
#BSUB -R "rusage[mem=1GB]"
#BSUB -R "select[model==XeonGold6226R]"
#BSUB -n 1
#BSUB -R "span[hosts=1]"
#BSUB -o Task4_%J.out
#BSUB -e Task4_%J.err

# Initialize Python environment
source /dtu/projects/02613_2025/conda/conda_init.sh
conda activate 02613

#kernprof -l Task4.py 1
kernprof -l -v Task4.py 1 > Task4_lineprofile.txt
#python -m line_profiler -rmt Task4.py.lprof 
python -m cProfile -s cumulative Task4.py 1 > task4_cprofile.txt
------------------------------------------------------------

Exited with exit code 1.

Resource usage summary:

    CPU time :                                   8.45 sec.
    Max Memory :                                 -
    Average Memory :                             -
    Total Requested Memory :                     1024.00 MB
    Delta Memory :                               -
    Max Swap :                                   -
    Max Processes :                              -
    Max Threads :                                -
    Run time :                                   11 sec.
    Turnaround time :                            13 sec.

The output (if any) is above this job summary.



PS:

Read file <Task4_28093795.err> for stderr output of this job.

