Loaded module: cuda/11.8

real	0m0.724s
user	0m0.261s
sys	0m0.121s

real	0m0.627s
user	0m0.253s
sys	0m0.110s

real	0m0.661s
user	0m0.259s
sys	0m0.122s

real	0m0.675s
user	0m0.260s
sys	0m0.136s

real	0m0.702s
user	0m0.293s
sys	0m0.132s

real	0m0.706s
user	0m0.294s
sys	0m0.125s

real	0m0.816s
user	0m0.328s
sys	0m0.191s

real	0m0.976s
user	0m0.399s
sys	0m0.259s

real	0m1.197s
user	0m0.543s
sys	0m0.309s
/zhome/5f/c/186820/.lsbatch/1777362510.28310240.shell: line 26: 199864 Killed                  python Task10.py 500

real	0m1.863s
user	0m0.483s
sys	0m0.809s
/zhome/5f/c/186820/.lsbatch/1777362510.28310240.shell: line 27: 199866 Killed                  python Task10.py 1000

real	0m1.885s
user	0m0.526s
sys	0m0.771s
